2026-06-05 15:30:41,034 [INFO] Starting Pipeline...
2026-06-05 15:30:41,035 [INFO] Loading dataset...
2026-06-05 15:30:45,027 [INFO] Dataset shape: (2522362, 79)
2026-06-05 15:30:45,028 [INFO] Splitting data into Train, Validation, and Test sets...
2026-06-05 15:30:50,379 [INFO] Training Stage 1 Model...
2026-06-05 15:33:35,067 [INFO] === STAGE1 RESULTS ===
2026-06-05 15:33:35,067 [INFO] Accuracy:    0.9991
2026-06-05 15:33:35,067 [INFO] Macro F1:    0.9678
2026-06-05 15:33:35,068 [INFO] Weighted F1: 0.9991
2026-06-05 15:33:35,137 [INFO] 
Classification Report:
              precision    recall  f1-score   support

      BENIGN     0.9999    0.9990    0.9995    314472
Other_Attack     0.9969    0.9997    0.9983     63267
     Web_Bot     0.8391    0.9837    0.9057       615

    accuracy                         0.9991    378354
   macro avg     0.9453    0.9942    0.9678    378354
weighted avg     0.9991    0.9991    0.9991    378354

2026-06-05 15:33:35,142 [INFO] Metrics saved: C:\Users\lifie\CICIDS2017-XGB\reports\stage1_metrics.csv
2026-06-05 15:33:36,215 [INFO] Training Stage 2 Model...
2026-06-05 15:34:47,052 [INFO] === STAGE2 RESULTS ===
2026-06-05 15:34:47,053 [INFO] Accuracy:    0.9996
2026-06-05 15:34:47,053 [INFO] Macro F1:    0.9985
2026-06-05 15:34:47,053 [INFO] Weighted F1: 0.9996
2026-06-05 15:34:47,071 [INFO] 
Classification Report:
                  precision    recall  f1-score   support

            DDoS     0.9999    0.9998    0.9999     19202
   DoS GoldenEye     0.9974    0.9994    0.9984      1543
        DoS Hulk     0.9997    0.9997    0.9997     25927
DoS Slowhttptest     0.9962    0.9923    0.9942       784
   DoS slowloris     0.9901    0.9950    0.9926       807
     FTP-Patator     1.0000    1.0000    1.0000       890
      Heartbleed     1.0000    1.0000    1.0000         2
    Infiltration     1.0000    1.0000    1.0000         6
        PortScan     0.9999    0.9997    0.9998     13623
     SSH-Patator     1.0000    1.0000    1.0000       483

        accuracy                         0.9996     63267
       macro avg     0.9983    0.9986    0.9985     63267
    weighted avg     0.9996    0.9996    0.9996     63267

2026-06-05 15:34:47,072 [INFO] Metrics saved: C:\Users\lifie\CICIDS2017-XGB\reports\stage2_metrics.csv
2026-06-05 15:34:47,564 [INFO] Saving models and encoders...
2026-06-05 15:34:47,730 [INFO] Pipeline complete successfully!
